#
# There is insufficient memory for the Java Runtime Environment to continue.
# Native memory allocation (malloc) failed to allocate 1081624 bytes. Error detail: Chunk::new
# Possible reasons:
#   The system is out of physical RAM or swap space
#   This process is running with CompressedOops enabled, and the Java Heap may be blocking the growth of the native heap
# Possible solutions:
#   Reduce memory load on the system
#   Increase physical memory or swap space
#   Check if swap backing store is full
#   Decrease Java heap size (-Xmx/-Xms)
#   Decrease number of Java threads
#   Decrease Java thread stack sizes (-Xss)
#   Set larger code cache with -XX:ReservedCodeCacheSize=
#   JVM is running with Zero Based Compressed Oops mode in which the Java heap is
#     placed in the first 32GB address space. The Java Heap base address is the
#     maximum limit for the native heap growth. Please use -XX:HeapBaseMinAddress
#     to set the Java Heap base and to place the Java Heap above 32GB virtual address.
# This output file may be truncated or incomplete.
#
#  Out of Memory Error (arena.cpp:186), pid=41220, tid=16092
#
# JRE version: Java(TM) SE Runtime Environment (25.0.2+10) (build 25.0.2+10-LTS-69)
# Java VM: Java HotSpot(TM) 64-Bit Server VM (25.0.2+10-LTS-69, mixed mode, sharing, tiered, compressed oops, compressed class ptrs, g1 gc, windows-amd64)
# No core dump will be written. Minidumps are not enabled by default on client versions of Windows
#

---------------  S U M M A R Y ------------

Command Line: org.jetbrains.kotlin.cli.jvm.K2JVMCompiler -Xallow-no-source-files -classpath C:\Users\User\.gradle\caches\modules-2\files-2.1\org.jetbrains.exposed\exposed-dao\0.61.0\d501332d63b7cb93afc8c39b207d9fd31759784f\exposed-dao-0.61.0.jar;C:\Users\User\.gradle\caches\modules-2\files-2.1\org.jetbrains.exposed\exposed-jdbc\0.61.0\a460d85b4a81be32d5caa2d10ed3250a99c03faa\exposed-jdbc-0.61.0.jar;C:\Users\User\.gradle\caches\modules-2\files-2.1\org.jetbrains.exposed\exposed-kotlin-datetime\0.61.0\e667d8659831d63050891e4a198a3a565680e474\exposed-kotlin-datetime-0.61.0.jar;C:\Users\User\.gradle\caches\modules-2\files-2.1\org.jetbrains.exposed\exposed-java-time\0.61.0\3b299c181e8de1729c6e39f5546d7be2b90ddca\exposed-java-time-0.61.0.jar;C:\Users\User\.gradle\caches\modules-2\files-2.1\org.jetbrains.exposed\exposed-core\0.61.0\2d4189e372ffb201608585787513c296a4abcd31\exposed-core-0.61.0.jar;C:\Users\User\.gradle\caches\modules-2\files-2.1\io.insert-koin\koin-logger-slf4j\4.1.2-Beta1\9542d39e351d0dbf26100ca11c6dc4210b952707\koin-logger-slf4j-4.1.2-Beta1.jar;C:\Users\User\.gradle\caches\modules-2\files-2.1\io.github.cdimascio\dotenv-kotlin\6.5.1\47f89474eab362431e6fe49d1b6c123225a0eb97\dotenv-kotlin-6.5.1.jar;C:\Users\User\.gradle\caches\modules-2\files-2.1\io.ktor\ktor-server-auth-jwt-jvm\3.4.0\f9c667cf2b122debb0081d0d69edb4caaa047d09\ktor-server-auth-jwt-jvm-3.4.0.jar;C:\Users\User\.gradle\caches\modules-2\files-2.1\io.ktor\ktor-server-auth-jvm\3.4.0\6c5fd0cb490bc7efabda621873c07b30b2e7f686\ktor-server-auth-jvm-3.4.0.jar;C:\Users\User\.gradle\caches\modules-2\files-2.1\io.ktor\ktor-server-config-yaml-jvm\3.4.0\5ccb430a2fdc74554e0b4052986352ab4b0c904c\ktor-server-config-yaml-jvm-3.4.0.jar;C:\Users\User\.gradle\caches\modules-2\files-2.1\io.ktor\ktor-server-content-negotiation-jvm\3.4.0\7b8e63349d52285eb6a89a070819385715d9a8e3\ktor-server-content-negotiation-jvm-3.4.0.jar;C:\Users\User\.gradle\caches\modules-2\files-2.1\io.ktor\ktor-server-cors-jvm\3.4.0\fbe7efadd3e2ae5ddfa3353212c1aeeecf2108ce\ktor-server-cors-jvm-3.4.0.jar;C:\Users\User\.gradle\caches\modules-2\files-2.1\io.ktor\ktor-server-netty-jvm\3.4.0\506a40eb5b7fb22fec46938489286cf4cd48bbc7\ktor-server-netty-jvm-3.4.0.jar;C:\Users\User\.gradle\caches\modules-2\files-2.1\io.ktor\ktor-server-status-pages-jvm\3.4.0\c321043a73a672c5c1dac1884d9b639955ca56ed\ktor-server-status-pages-jvm-3.4.0.jar;C:\Users\User\.gradle\caches\modules-2\files-2.1\io.ktor\ktor-server-sessions-jvm\3.4.0\35d3bb0535b2a6429b1eb73390cd4de9c541e654\ktor-server-sessions-jvm-3.4.0.jar;C:\Users\User\.gradle\caches\modules-2\files-2.1\io.ktor\ktor-server-core-jvm\3.4.0\97aba0f5e3cd539679907382a3f5783b9a563165\ktor-server-core-jvm-3.4.0.jar;C:\Users\User\.gradle\caches\modules-2\files-2.1\org.jetbrains.kotlinx\kotlinx-datetime-jvm\0.6.2\f177b43ce53f69151797206ce762b36199692474\kotlinx-datetime-jvm-0.6.2.jar;C:\Users\User\.gradle\caches\modules-2\files-2.1\io.insert-koin\koin-ktor-jvm\4.1.2-Beta1\cdb180856e3b1d1a2612bc7bbec04db1c7f83d57\koin-ktor-jvm-4.1.2-Beta1.jar;C:\Users\User\.gradle\caches\modules-2\files-2.1\io.ktor\ktor-serialization-kotlinx-json-jvm\3.4.0\2a09f17d70b6e61623fd8aff9bdce6d7877892\ktor-serialization-kotlinx-json-jvm-3.4.0.jar;C:\Users\User\.gradle\caches\modules-2\files-2.1\org.jetbrains.kotlin\kotlin-reflect\2.3.0\a723c4fbeeb7b48910a0f82b8ea826da1b17dd0b\kotlin-reflect-2.3.0.jar;C:\Users\User\.gradle\caches\modules-2\files-2.1\io.insert-koin\koin-core-jvm\4.1.2-Beta1\ee6cf43dc3fcbf9bc6edff653118fe92ac1f5f46\koin-core-jvm-4.1.2-Beta1.jar;C:\Users\User\.gradle\caches\modules-2\files-2.1\io.ktor\ktor-client-core-jvm\3.4.0\1f017fc4dcf7e3ff5152a28923b7639a9ba82123\ktor-client-core-jvm-3.4.0.jar;C:\Users\User\.gradle\caches\modules-2\files-2.1\io.ktor\ktor-http-cio-jvm\3.4.0\2c1f50d77b7d825175acf56f6cb494fc1145e23e\ktor-http-cio-jvm-3.4.0.jar;C:\Users\User\.gradle\caches\modules-2\files-2.1\io.ktor\ktor-serialization-kotlinx-jvm\3.4.0\d001db47b2ebe8ad8b2cb1bb2a687688840f5887\ktor-serialization-kotlinx-jvm-3.4.0.jar;C:\Users\User\.gradle\caches\modules-2\files-2.1\io.ktor\ktor-websocket-serialization-jvm\3.4.0\20093fc55064238930e96c8dd12a2d96af6ff81d\ktor-websocket-serialization-jvm-3.4.0.jar;C:\Users\User\.gradle\caches\modules-2\files-2.1\io.ktor\ktor-serialization-jvm\3.4.0\406af3e14bc41086ac933c02c67bd7ee762cfb4b\ktor-serialization-jvm-3.4.0.jar;C:\Users\User\.gradle\caches\modules-2\files-2.1\io.ktor\ktor-websockets-jvm\3.4.0\5c8a9438372c7de912cf6da0e275ec17056d6451\ktor-websockets-jvm-3.4.0.jar;C:\Users\User\.gradle\caches\modules-2\files-2.1\io.ktor\ktor-http-jvm\3.4.0\81e4323a06aa6751f59ffe6e35e61277af17fdb5\ktor-http-jvm-3.4.0.jar;C:\Users\User\.gradle\caches\modules-2\files-2.1\io.ktor\ktor-events-jvm\3.4.0\d6e6800119bf169c0559eeaf49477757e50a736\ktor-events-jvm-3.4.0.jar;C:\Users\User\.gradle\caches\modules-2\files-2.1\io.ktor\ktor-network-jvm\3.4.0\8d6179be0155e1d34f844a8317b7f1950772a372\ktor-network-jvm-3.4.0.jar;C:\Users\User\.gradle\caches\modules-2\files-2.1\io.ktor\ktor-sse-jvm\3.4.0\3b4493bfb71b536fc0c055d645ceb1a44b318637\ktor-sse-jvm-3.4.0.jar;C:\Users\User\.gradle\caches\modules-2\files-2.1\io.ktor\ktor-utils-jvm\3.4.0\ce54b074feee2cc3cdac2ba93420f18adc71061d\ktor-utils-jvm-3.4.0.jar;C:\Users\User\.gradle\caches\modules-2\files-2.1\io.ktor\ktor-io-jvm\3.4.0\16e3233d00797f77f2b918a65d40479c28dc2bde\ktor-io-jvm-3.4.0.jar;C:\Users\User\.gradle\caches\modules-2\files-2.1\org.jetbrains.kotlinx\kotlinx-coroutines-core-jvm\1.10.2\4a9f78ef49483748e2c129f3d124b8fa249dafbf\kotlinx-coroutines-core-jvm-1.10.2.jar;C:\Users\User\.gradle\caches\modules-2\files-2.1\net.mamoe.yamlkt\yamlkt-jvm\0.13.0\9c93e3ef80314d6486f6f9be95db8df6bc728d67\yamlkt-jvm-0.13.0.jar;C:\Users\User\.gradle\caches\modules-2\files-2.1\org.jetbrains.kotlinx\kotlinx-serialization-core-jvm\1.9.0\91448df39c558f7c6147b8bd8db01debe16e0cc1\kotlinx-serialization-core-jvm-1.9.0.jar;C:\Users\User\.gradle\caches\modules-2\files-2.1\org.jetbrains.kotlinx\kotlinx-serialization-json-io-jvm\1.9.0\3a371942a591532d0d9245ca6787ee677853bebd\kotlinx-serialization-json-io-jvm-1.9.0.jar;C:\Users\User\.gradle\caches\modules-2\files-2.1\org.jetbrains.kotlinx\kotlinx-serialization-json-jvm\1.9.0\aea6f7d49fe5c458f8963ee6d4bdaf4a459ab3e7\kotlinx-serialization-json-jvm-1.9.0.jar;C:\Users\User\.gradle\caches\modules-2\files-2.1\org.jetbrains.kotlin\kotlin-stdlib-jdk8\1.8.0\ed04f49e186a116753ad70d34f0ac2925d1d8020\kotlin-stdlib-jdk8-1.8.0.jar;C:\Users\User\.gradle\caches\modules-2\files-2.1\org.jetbrains.kotlin\kotlin-stdlib-jdk7\1.8.0\3c91271347f678c239607abb676d4032a7898427\kotlin-stdlib-jdk7-1.8.0.jar;C:\Users\User\.gradle\caches\modules-2\files-2.1\org.jetbrains.kotlinx\kotlinx-io-core-jvm\0.8.2\358a9f2ba2dc81c5dc84c3d1853f6e5efba63be1\kotlinx-io-core-jvm-0.8.2.jar;C:\Users\User\.gradle\caches\modules-2\files-2.1\org.jetbrains.kotlinx\kotlinx-io-bytestring-jvm\0.8.2\89c5399596250e71f2bba6d2415972a078a525c7\kotlinx-io-bytestring-jvm-0.8.2.jar;C:\Users\User\.gradle\caches\modules-2\files-2.1\org.jetbrains.kotlin\kotlin-stdlib\2.3.0\ebc4eb2b6e6c91b6c844c1e3183920d86f2ef656\kotlin-stdlib-2.3.0.jar;C:\Users\User\.gradle\caches\modules-2\files-2.1\ch.qos.logback\logback-classic\1.5.27\a078334aec912226e6c9cf0daf0762cb9cfca09d\logback-classic-1.5.27.jar;C:\Users\User\.gradle\caches\modules-2\files-2.1\org.postgresql\postgresql\42.7.9\2b748cd83a1ba3d6ef62dc64e075d1760f9a6d31\postgresql-42.7.9.jar;C:\Users\User\.gradle\caches\modules-2\files-2.1\com.h2database\h2\2.3.232\4fcc05d966ccdb2812ae8b9a718f69226c0cf4e2\h2-2.3.232.jar;C:\Users\User\.gradle\caches\modules-2\files-2.1\org.mindrot\jbcrypt\0.4\af7e61017f73abb18ac4e036954f9f28c6366c07\jbcrypt-0.4.jar;C:\Users\User\.gradle\caches\modules-2\files-2.1\org.jetbrains\annotations\23.0.0\8cc20c07506ec18e0834947b84a864bfc094484e\annotations-23.0.0.jar;C:\Users\User\.gradle\caches\modules-2\files-2.1\ch.qos.logback\logback-core\1.5.27\4ec5363bc3d5469c00ad6665d65d0112037388ff\logback-core-1.5.27.jar;C:\Users\User\.gradle\caches\modules-2\files-2.1\org.slf4j\slf4j-api\2.0.17\d9e58ac9c7779ba3bf8142aff6c830617a7fe60f\slf4j-api-2.0.17.jar;C:\Users\User\.gradle\caches\modules-2\files-2.1\io.github.cdimascio\dotenv-java\3.2.0\89d08b3014567fd589cbbe00a3fadf83810f32dc\dotenv-java-3.2.0.jar;C:\Users\User\.gradle\caches\modules-2\files-2.1\com.typesafe\config\1.4.5\cc25b497ded7068a861517a815546fb472f9e58\config-1.4.5.jar;C:\Users\User\.gradle\caches\modules-2\files-2.1\com.auth0\java-jwt\4.5.0\d7004155fe57a107cc40fb6be0132d8ad2530613\java-jwt-4.5.0.jar;C:\Users\User\.gradle\caches\modules-2\files-2.1\com.auth0\jwks-rsa\0.23.0\76b14c3f09a1edea16856ec500a18030fa192065\jwks-rsa-0.23.0.jar;C:\Users\User\.gradle\caches\modules-2\files-2.1\io.netty\netty-codec-http2\4.2.9.Final\d82683120b05d1c9c56a88e1daff07e4c0420537\netty-codec-http2-4.2.9.Final.jar;C:\Users\User\.gradle\caches\modules-2\files-2.1\org.eclipse.jetty.alpn\alpn-api\1.1.3.v20160715\a1bf3a937f91b4c953acd13e8c9552347adc2198\alpn-api-1.1.3.v20160715.jar;C:\Users\User\.gradle\caches\modules-2\files-2.1\io.netty\netty-transport-native-kqueue\4.2.9.Final\82c7326ed0d96eb139e6a01de038267689ddb94e\netty-transport-native-kqueue-4.2.9.Final.jar;C:\Users\User\.gradle\caches\modules-2\files-2.1\io.netty\netty-transport-native-epoll\4.2.9.Final\22d92bed4d8a563a3f040137cfaea8230dbe786b\netty-transport-native-epoll-4.2.9.Final.jar;C:\Users\User\.gradle\caches\modules-2\files-2.1\com.fasterxml.jackson.core\jackson-annotations\2.15.4\5223ea5a9bf52cdc9c5e537a0e52f2432eaf208b\jackson-annotations-2.15.4.jar;C:\Users\User\.gradle\caches\modules-2\files-2.1\com.fasterxml.jackson.core\jackson-databind\2.15.4\560309fc381f77d4d15c4a4cdaa0db5025c4fd13\jackson-databind-2.15.4.jar;C:\Users\User\.gradle\caches\modules-2\files-2.1\com.fasterxml.jackson.core\jackson-core\2.15.4\aebe84b45360debad94f692a4074c6aceb535fa0\jackson-core-2.15.4.jar;C:\Users\User\.gradle\caches\modules-2\files-2.1\io.netty\netty-codec-http\4.2.9.Final\20077d54b08a1cf7d764b169946373dff2e9f9be\netty-codec-http-4.2.9.Final.jar;C:\Users\User\.gradle\caches\modules-2\files-2.1\io.netty\netty-handler\4.2.9.Final\f79da6a81f4390ed067301235e29705a7f774c5b\netty-handler-4.2.9.Final.jar;C:\Users\User\.gradle\caches\modules-2\files-2.1\io.netty\netty-codec-compression\4.2.9.Final\d3d3c3c16110278d1dbf8a423e20a839523724cd\netty-codec-compression-4.2.9.Final.jar;C:\Users\User\.gradle\caches\modules-2\files-2.1\io.netty\netty-codec-base\4.2.9.Final\1ecb17e188008c62aef9d03491f2fde6b06414bb\netty-codec-base-4.2.9.Final.jar;C:\Users\User\.gradle\caches\modules-2\files-2.1\io.netty\netty-transport-classes-kqueue\4.2.9.Final\b86b5a013c699eb5464f2093857e0addd6e03449\netty-transport-classes-kqueue-4.2.9.Final.jar;C:\Users\User\.gradle\caches\modules-2\files-2.1\io.netty\netty-transport-classes-epoll\4.2.9.Final\334ba203f5b5ac6372286d27115605431e5a37d3\netty-transport-classes-epoll-4.2.9.Final.jar;C:\Users\User\.gradle\caches\modules-2\files-2.1\io.netty\netty-transport-native-unix-common\4.2.9.Final\ff416b5aaac1fbfe625ee92deb08664e938aa00\netty-transport-native-unix-common-4.2.9.Final.jar;C:\Users\User\.gradle\caches\modules-2\files-2.1\io.netty\netty-transport\4.2.9.Final\b864fc8ec3d72b6e22af88f5408b6ad7e41980ec\netty-transport-4.2.9.Final.jar;C:\Users\User\.gradle\caches\modules-2\files-2.1\io.netty\netty-buffer\4.2.9.Final\d419abb1b035e1ab4dae22766c3ebf37343cc82b\netty-buffer-4.2.9.Final.jar;C:\Users\User\.gradle\caches\modules-2\files-2.1\io.netty\netty-resolver\4.2.9.Final\faccff808e9166f1d689e054059b172cffc738ab\netty-resolver-4.2.9.Final.jar;C:\Users\User\.gradle\caches\modules-2\files-2.1\io.netty\netty-common\4.2.9.Final\4429addd1a59cb52dde76102f61b3f696fd3b9c\netty-common-4.2.9.Final.jar -d C:\pam-2026-ifs23046-proyek1-be\build\classes\kotlin\main -jdk-home C:\Users\User\.gradle\jdks\eclipse_adoptium-21-amd64-windows.2 -jvm-target 21 -module-name pam-2026-ifs23046-proyek1-be -no-reflect -no-stdlib -Xplugin=C:\Users\User\.gradle\caches\modules-2\files-2.1\org.jetbrains.kotlin\kotlin-scripting-compiler-embeddable\2.3.0\8577ef50a777a86d45f31544948858abaa330243\kotlin-scripting-compiler-embeddable-2.3.0.jar,C:\Users\User\.gradle\caches\modules-2\files-2.1\org.jetbrains.kotlin\kotlin-serialization-compiler-plugin-embeddable\2.3.0\d471247fbfe1cfff64d23118c74d8fb5ca9cec69\kotlin-serialization-compiler-plugin-embeddable-2.3.0.jar,C:\Users\User\.gradle\caches\modules-2\files-2.1\org.jetbrains.kotlin\kotlin-scripting-compiler-impl-embeddable\2.3.0\d8740e4a696eea00f5f628bb267c9b32ba8ee57f\kotlin-scripting-compiler-impl-embeddable-2.3.0.jar,C:\Users\User\.gradle\caches\modules-2\files-2.1\org.jetbrains.kotlin\kotlin-scripting-jvm\2.3.0\ba43e136497851b3079ebcc4b0f9c462c1410eab\kotlin-scripting-jvm-2.3.0.jar,C:\Users\User\.gradle\caches\modules-2\files-2.1\org.jetbrains.kotlin\kotlin-scripting-common\2.3.0\ed166c96b64d63647c7ee106da3a8a1c95596285\kotlin-scripting-common-2.3.0.jar,C:\Users\User\.gradle\caches\modules-2\files-2.1\org.jetbrains.kotlin\kotlin-stdlib\2.3.0\ebc4eb2b6e6c91b6c844c1e3183920d86f2ef656\kotlin-stdlib-2.3.0.jar,C:\Users\User\.gradle\caches\modules-2\files-2.1\org.jetbrains.kotlin\kotlin-script-runtime\2.3.0\fb89e0ab064ea19d08c6d6bc9f044d16c5487fc4\kotlin-script-runtime-2.3.0.jar,C:\Users\User\.gradle\caches\modules-2\files-2.1\org.jetbrains\annotations\13.0\919f0dfe192fb4e063e7dacadee7f8bb9a2672a9\annotations-13.0.jar -Xsuppress-version-warnings C:\pam-2026-ifs23046-proyek1-be\src\main\kotlin\Application.kt C:\pam-2026-ifs23046-proyek1-be\src\main\kotlin\dao\RefreshTokenDAO.kt C:\pam-2026-ifs23046-proyek1-be\src\main\kotlin\dao\UserDAO.kt C:\pam-2026-ifs23046-proyek1-be\src\main\kotlin\data\AppException.kt C:\pam-2026-ifs23046-proyek1-be\src\main\kotlin\data\AuthRequest.kt C:\pam-2026-ifs23046-proyek1-be\src\main\kotlin\data\BaseResponse.kt C:\pam-2026-ifs23046-proyek1-be\src\main\kotlin\data\ErrorResponse.kt C:\pam-2026-ifs23046-proyek1-be\src\main\kotlin\data\PaginationData.kt C:\pam-2026-ifs23046-proyek1-be\src\main\kotlin\data\RefreshTokenRequest.kt C:\pam-2026-ifs23046-proyek1-be\src\main\kotlin\data\UserResponse.kt C:\pam-2026-ifs23046-proyek1-be\src\main\kotlin\data\WardrobeRequest.kt C:\pam-2026-ifs23046-proyek1-be\src\main\kotlin\entities\RefreshToken.kt C:\pam-2026-ifs23046-proyek1-be\src\main\kotlin\entities\User.kt C:\pam-2026-ifs23046-proyek1-be\src\main\kotlin\entities\WardrobeCategory.kt C:\pam-2026-ifs23046-proyek1-be\src\main\kotlin\entities\WardrobeItem.kt C:\pam-2026-ifs23046-proyek1-be\src\main\kotlin\entities\WardrobeTable.kt C:\pam-2026-ifs23046-proyek1-be\src\main\kotlin\helpers\ContHelper.kt C:\pam-2026-ifs23046-proyek1-be\src\main\kotlin\helpers\DatabaseHelper.kt C:\pam-2026-ifs23046-proyek1-be\src\main\kotlin\helpers\FileHelper.kt C:\pam-2026-ifs23046-proyek1-be\src\main\kotlin\helpers\MappingHelper.kt C:\pam-2026-ifs23046-proyek1-be\src\main\kotlin\helpers\SecurityHelper.kt C:\pam-2026-ifs23046-proyek1-be\src\main\kotlin\helpers\ServiceHelper.kt C:\pam-2026-ifs23046-proyek1-be\src\main\kotlin\helpers\ToolsHelper.kt C:\pam-2026-ifs23046-proyek1-be\src\main\kotlin\helpers\ValidatorHelper.kt C:\pam-2026-ifs23046-proyek1-be\src\main\kotlin\models\Response.kt C:\pam-2026-ifs23046-proyek1-be\src\main\kotlin\models\Wardrobe.kt C:\pam-2026-ifs23046-proyek1-be\src\main\kotlin\module\AppModule.kt C:\pam-2026-ifs23046-proyek1-be\src\main\kotlin\plugins\StatusPages.kt C:\pam-2026-ifs23046-proyek1-be\src\main\kotlin\repositories\IRefreshTokenRepository.kt C:\pam-2026-ifs23046-proyek1-be\src\main\kotlin\repositories\IUserRepository.kt C:\pam-2026-ifs23046-proyek1-be\src\main\kotlin\repositories\IWardrobeRepository.kt C:\pam-2026-ifs23046-proyek1-be\src\main\kotlin\repositories\RefreshTokenRepository.kt C:\pam-2026-ifs23046-proyek1-be\src\main\kotlin\repositories\UserRepository.kt C:\pam-2026-ifs23046-proyek1-be\src\main\kotlin\repositories\WardrobeRepository.kt C:\pam-2026-ifs23046-proyek1-be\src\main\kotlin\routes\AuthRoutes.kt C:\pam-2026-ifs23046-proyek1-be\src\main\kotlin\routes\UserRoutes.kt C:\pam-2026-ifs23046-proyek1-be\src\main\kotlin\routes\WardrobeRoutes.kt C:\pam-2026-ifs23046-proyek1-be\src\main\kotlin\Routing.kt C:\pam-2026-ifs23046-proyek1-be\src\main\kotlin\services\AuthService.kt C:\pam-2026-ifs23046-proyek1-be\src\main\kotlin\services\UserService.kt C:\pam-2026-ifs23046-proyek1-be\src\main\kotlin\services\WardrobeService.kt C:\pam-2026-ifs23046-proyek1-be\src\main\kotlin\tables\RefreshTokenTable.kt C:\pam-2026-ifs23046-proyek1-be\src\main\kotlin\tables\UserTable.kt C:\pam-2026-ifs23046-proyek1-be\src\main\kotlin\utils\FileHelper.kt C:\pam-2026-ifs23046-proyek1-be\src\main\kotlin\utils\SecurityUtils.kt

Host: 12th Gen Intel(R) Core(TM) i5-12450H, 12 cores, 15G,  Windows 11 , 64 bit Build 26100 (10.0.26100.7920)
Time: Mon Mar 23 09:35:45 2026 SE Asia Standard Time elapsed time: 2.665096 seconds (0d 0h 0m 2s)

---------------  T H R E A D  ---------------

Current thread (0x00000279554add10):  JavaThread "C2 CompilerThread0" daemon [_thread_in_native, id=16092, stack(0x000000d3ba800000,0x000000d3ba900000) (1024K)]


Current CompileTask:
C2:2665  861       4       java.lang.StringLatin1::indexOf (121 bytes)

Stack: [0x000000d3ba800000,0x000000d3ba900000]
Native frames: (J=compiled Java code, j=interpreted, Vv=VM code, C=native code)
V  [jvm.dll+0x7a70f9]  (no source info available)
V  [jvm.dll+0x772d6d]  (no source info available)
V  [jvm.dll+0x965d53]  (no source info available)
V  [jvm.dll+0x968351]  (no source info available)
V  [jvm.dll+0x968a63]  (no source info available)
V  [jvm.dll+0x2fc846]  (no source info available)
V  [jvm.dll+0x111b16]  (no source info available)
V  [jvm.dll+0x111e3e]  (no source info available)
V  [jvm.dll+0x1a0872]  (no source info available)
V  [jvm.dll+0x3b54c2]  (no source info available)
V  [jvm.dll+0x7aca8f]  (no source info available)
V  [jvm.dll+0x2c0b97]  (no source info available)
V  [jvm.dll+0x2bfb5f]  (no source info available)
V  [jvm.dll+0x2379a0]  (no source info available)
V  [jvm.dll+0x2cfc86]  (no source info available)
V  [jvm.dll+0x2cdf05]  (no source info available)
V  [jvm.dll+0x48e9d1]  (no source info available)
V  [jvm.dll+0x906fcd]  (no source info available)
V  [jvm.dll+0x7a56d5]  (no source info available)
C  [ucrtbase.dll+0x37b0]  (no source info available)
C  [KERNEL32.DLL+0x2e8d7]  (no source info available)
C  [ntdll.dll+0x8c48c]  (no source info available)

Lock stack of current Java thread (top to bottom):


---------------  P R O C E S S  ---------------

Threads class SMR info:
_java_thread_list=0x00000279776ac5f0, length=11, elements={
0x00000279554a3080, 0x0000027976870b40, 0x00000279768715a0, 0x0000027976873bb0,
0x00000279768758d0, 0x0000027976876490, 0x0000027976877050, 0x00000279554add10,
0x00000279554ab4c0, 0x00000279771bd8d0, 0x00000279771d07f0
}

Java Threads: ( => current thread )
  0x00000279554a3080 JavaThread "main"                              [_thread_in_vm, id=27644, stack(0x000000d3b9a00000,0x000000d3b9b00000) (1024K)]
  0x0000027976870b40 JavaThread "Reference Handler"          daemon [_thread_blocked, id=17076, stack(0x000000d3ba200000,0x000000d3ba300000) (1024K)]
  0x00000279768715a0 JavaThread "Finalizer"                  daemon [_thread_blocked, id=35700, stack(0x000000d3ba300000,0x000000d3ba400000) (1024K)]
  0x0000027976873bb0 JavaThread "Signal Dispatcher"          daemon [_thread_blocked, id=35972, stack(0x000000d3ba400000,0x000000d3ba500000) (1024K)]
  0x00000279768758d0 JavaThread "Attach Listener"            daemon [_thread_blocked, id=42588, stack(0x000000d3ba500000,0x000000d3ba600000) (1024K)]
  0x0000027976876490 JavaThread "Service Thread"             daemon [_thread_blocked, id=7140, stack(0x000000d3ba600000,0x000000d3ba700000) (1024K)]
  0x0000027976877050 JavaThread "Monitor Deflation Thread"   daemon [_thread_blocked, id=20200, stack(0x000000d3ba700000,0x000000d3ba800000) (1024K)]
=>0x00000279554add10 JavaThread "C2 CompilerThread0"         daemon [_thread_in_native, id=16092, stack(0x000000d3ba800000,0x000000d3ba900000) (1024K)]
  0x00000279554ab4c0 JavaThread "C1 CompilerThread0"         daemon [_thread_blocked, id=38420, stack(0x000000d3ba900000,0x000000d3baa00000) (1024K)]
  0x00000279771bd8d0 JavaThread "Notification Thread"        daemon [_thread_blocked, id=17920, stack(0x000000d3baa00000,0x000000d3bab00000) (1024K)]
  0x00000279771d07f0 JavaThread "Common-Cleaner"             daemon [_thread_blocked, id=41004, stack(0x000000d3bab00000,0x000000d3bac00000) (1024K)]
Total: 11

Other Threads:
  0x0000027976859560 VMThread "VM Thread"                           [id=41768, stack(0x000000d3ba100000,0x000000d3ba200000) (1024K)]
  0x0000027955475320 WatcherThread "VM Periodic Task Thread"        [id=38332, stack(0x000000d3ba000000,0x000000d3ba100000) (1024K)]
  0x0000027957902060 WorkerThread "GC Thread#0"                     [id=31940, stack(0x000000d3b9b00000,0x000000d3b9c00000) (1024K)]
  0x000002795791a8d0 ConcurrentGCThread "G1 Main Marker"            [id=38460, stack(0x000000d3b9c00000,0x000000d3b9d00000) (1024K)]
  0x000002795791b470 WorkerThread "G1 Conc#0"                       [id=34804, stack(0x000000d3b9d00000,0x000000d3b9e00000) (1024K)]
  0x0000027976713420 ConcurrentGCThread "G1 Refine#0"               [id=25840, stack(0x000000d3b9e00000,0x000000d3b9f00000) (1024K)]
  0x0000027976713f30 ConcurrentGCThread "G1 Service"                [id=14036, stack(0x000000d3b9f00000,0x000000d3ba000000) (1024K)]
Total: 7

Threads with active compile tasks:
C2 CompilerThread0  2724  861       4       java.lang.StringLatin1::indexOf (121 bytes)
Total: 1

VM state: not at safepoint (normal execution)

VM Mutex/Monitor currently owned by a thread: None

Heap address: 0x0000000705e00000, size: 4002 MB, Compressed Oops mode: Zero based, Oop shift amount: 3

CDS archive(s) mapped at: [0x0000000025000000-0x0000000025dd0000-0x0000000025dd0000), size 14483456, SharedBaseAddress: 0x0000000025000000, ArchiveRelocationMode: 1.
Compressed class space mapped at: 0x0000000026000000-0x0000000066000000, reserved size: 1073741824
UseCompressedClassPointers 1, UseCompactObjectHeaders 0
Narrow klass pointer bits 32, Max shift 3
Narrow klass base: 0x0000000025000000, Narrow klass shift: 0
Encoding Range: [0x0000000025000000 - 0x0000000125000000), (4294967296 bytes)
Klass Range:    [0x0000000025010000 - 0x0000000066000000), (1090453504 bytes)
Klass ID Range:  [65536 - 1090519033) (1090453497)
Protection zone: [0x0000000025000000 - 0x0000000025010000), (65536 bytes)

GC Precious Log:
 CardTable entry size: 512
 Card Set container configuration: InlinePtr #cards 4 size 8 Array Of Cards #cards 16 size 48 Howl #buckets 8 coarsen threshold 3686 Howl Bitmap #cards 512 size 80 coarsen threshold 460 Card regions per heap region 1 cards per card region 4096
 CPUs: 12 total, 12 available
 Memory: 16006M
 Large Page Support: Disabled
 NUMA Support: Disabled
 Compressed Oops: Enabled (Zero based)
 Heap Region Size: 2M
 Heap Min Capacity: 8M
 Heap Initial Capacity: 252M
 Heap Max Capacity: 4002M
 Pre-touch: Disabled
 Parallel Workers: 10
 Concurrent Workers: 3
 Concurrent Refinement Workers: 10
 Periodic GC: Disabled

Heap:
 garbage-first heap   total reserved 4098048K, committed 260096K, used 25749K [0x0000000705e00000, 0x0000000800000000)
  region size 2048K, 12 young (24576K), 0 survivors (0K)

Heap Regions: E=young(eden), S=young(survivor), O=old, HS=humongous(starts), HC=humongous(continues), CS=collection set, F=free, TAMS=top-at-mark-start, PB=parsable bottom
|   0|0x0000000705e00000, 0x0000000706000000, 0x0000000706000000|100%|HS|  |TAMS 0x0000000705e00000| PB 0x0000000705e00000| Complete |  0
|   1|0x0000000706000000, 0x0000000706200000, 0x0000000706200000|100%|HC|  |TAMS 0x0000000706000000| PB 0x0000000706000000| Complete |  0
|   2|0x0000000706200000, 0x0000000706200000, 0x0000000706400000|  0%| F|  |TAMS 0x0000000706200000| PB 0x0000000706200000| Untracked |  0
|   3|0x0000000706400000, 0x0000000706400000, 0x0000000706600000|  0%| F|  |TAMS 0x0000000706400000| PB 0x0000000706400000| Untracked |  0
|   4|0x0000000706600000, 0x0000000706600000, 0x0000000706800000|  0%| F|  |TAMS 0x0000000706600000| PB 0x0000000706600000| Untracked |  0
|   5|0x0000000706800000, 0x0000000706800000, 0x0000000706a00000|  0%| F|  |TAMS 0x0000000706800000| PB 0x0000000706800000| Untracked |  0
|   6|0x0000000706a00000, 0x0000000706a00000, 0x0000000706c00000|  0%| F|  |TAMS 0x0000000706a00000| PB 0x0000000706a00000| Untracked |  0
|   7|0x0000000706c00000, 0x0000000706c00000, 0x0000000706e00000|  0%| F|  |TAMS 0x0000000706c00000| PB 0x0000000706c00000| Untracked |  0
|   8|0x0000000706e00000, 0x0000000706e00000, 0x0000000707000000|  0%| F|  |TAMS 0x0000000706e00000| PB 0x0000000706e00000| Untracked |  0
|   9|0x0000000707000000, 0x0000000707000000, 0x0000000707200000|  0%| F|  |TAMS 0x0000000707000000| PB 0x0000000707000000| Untracked |  0
|  10|0x0000000707200000, 0x0000000707200000, 0x0000000707400000|  0%| F|  |TAMS 0x0000000707200000| PB 0x0000000707200000| Untracked |  0
|  11|0x0000000707400000, 0x0000000707400000, 0x0000000707600000|  0%| F|  |TAMS 0x0000000707400000| PB 0x0000000707400000| Untracked |  0
|  12|0x0000000707600000, 0x0000000707600000, 0x0000000707800000|  0%| F|  |TAMS 0x0000000707600000| PB 0x0000000707600000| Untracked |  0
|  13|0x0000000707800000, 0x0000000707800000, 0x0000000707a00000|  0%| F|  |TAMS 0x0000000707800000| PB 0x0000000707800000| Untracked |  0
|  14|0x0000000707a00000, 0x0000000707a00000, 0x0000000707c00000|  0%| F|  |TAMS 0x0000000707a00000| PB 0x0000000707a00000| Untracked |  0
|  15|0x0000000707c00000, 0x0000000707c00000, 0x0000000707e00000|  0%| F|  |TAMS 0x0000000707c00000| PB 0x0000000707c00000| Untracked |  0
|  16|0x0000000707e00000, 0x0000000707e00000, 0x0000000708000000|  0%| F|  |TAMS 0x0000000707e00000| PB 0x0000000707e00000| Untracked |  0
|  17|0x0000000708000000, 0x0000000708000000, 0x0000000708200000|  0%| F|  |TAMS 0x0000000708000000| PB 0x0000000708000000| Untracked |  0
|  18|0x0000000708200000, 0x0000000708200000, 0x0000000708400000|  0%| F|  |TAMS 0x0000000708200000| PB 0x0000000708200000| Untracked |  0
|  19|0x0000000708400000, 0x0000000708400000, 0x0000000708600000|  0%| F|  |TAMS 0x0000000708400000| PB 0x0000000708400000| Untracked |  0
|  20|0x0000000708600000, 0x0000000708600000, 0x0000000708800000|  0%| F|  |TAMS 0x0000000708600000| PB 0x0000000708600000| Untracked |  0
|  21|0x0000000708800000, 0x0000000708800000, 0x0000000708a00000|  0%| F|  |TAMS 0x0000000708800000| PB 0x0000000708800000| Untracked |  0
|  22|0x0000000708a00000, 0x0000000708a00000, 0x0000000708c00000|  0%| F|  |TAMS 0x0000000708a00000| PB 0x0000000708a00000| Untracked |  0
|  23|0x0000000708c00000, 0x0000000708c00000, 0x0000000708e00000|  0%| F|  |TAMS 0x0000000708c00000| PB 0x0000000708c00000| Untracked |  0
|  24|0x0000000708e00000, 0x0000000708e00000, 0x0000000709000000|  0%| F|  |TAMS 0x0000000708e00000| PB 0x0000000708e00000| Untracked |  0
|  25|0x0000000709000000, 0x0000000709000000, 0x0000000709200000|  0%| F|  |TAMS 0x0000000709000000| PB 0x0000000709000000| Untracked |  0
|  26|0x0000000709200000, 0x0000000709200000, 0x0000000709400000|  0%| F|  |TAMS 0x0000000709200000| PB 0x0000000709200000| Untracked |  0
|  27|0x0000000709400000, 0x0000000709400000, 0x0000000709600000|  0%| F|  |TAMS 0x0000000709400000| PB 0x0000000709400000| Untracked |  0
|  28|0x0000000709600000, 0x0000000709600000, 0x0000000709800000|  0%| F|  |TAMS 0x0000000709600000| PB 0x0000000709600000| Untracked |  0
|  29|0x0000000709800000, 0x0000000709800000, 0x0000000709a00000|  0%| F|  |TAMS 0x0000000709800000| PB 0x0000000709800000| Untracked |  0
|  30|0x0000000709a00000, 0x0000000709a00000, 0x0000000709c00000|  0%| F|  |TAMS 0x0000000709a00000| PB 0x0000000709a00000| Untracked |  0
|  31|0x0000000709c00000, 0x0000000709c00000, 0x0000000709e00000|  0%| F|  |TAMS 0x0000000709c00000| PB 0x0000000709c00000| Untracked |  0
|  32|0x0000000709e00000, 0x0000000709e00000, 0x000000070a000000|  0%| F|  |TAMS 0x0000000709e00000| PB 0x0000000709e00000| Untracked |  0
|  33|0x000000070a000000, 0x000000070a000000, 0x000000070a200000|  0%| F|  |TAMS 0x000000070a000000| PB 0x000000070a000000| Untracked |  0
|  34|0x000000070a200000, 0x000000070a200000, 0x000000070a400000|  0%| F|  |TAMS 0x000000070a200000| PB 0x000000070a200000| Untracked |  0
|  35|0x000000070a400000, 0x000000070a400000, 0x000000070a600000|  0%| F|  |TAMS 0x000000070a400000| PB 0x000000070a400000| Untracked |  0
|  36|0x000000070a600000, 0x000000070a600000, 0x000000070a800000|  0%| F|  |TAMS 0x000000070a600000| PB 0x000000070a600000| Untracked |  0
|  37|0x000000070a800000, 0x000000070a800000, 0x000000070aa00000|  0%| F|  |TAMS 0x000000070a800000| PB 0x000000070a800000| Untracked |  0
|  38|0x000000070aa00000, 0x000000070aa00000, 0x000000070ac00000|  0%| F|  |TAMS 0x000000070aa00000| PB 0x000000070aa00000| Untracked |  0
|  39|0x000000070ac00000, 0x000000070ac00000, 0x000000070ae00000|  0%| F|  |TAMS 0x000000070ac00000| PB 0x000000070ac00000| Untracked |  0
|  40|0x000000070ae00000, 0x000000070ae00000, 0x000000070b000000|  0%| F|  |TAMS 0x000000070ae00000| PB 0x000000070ae00000| Untracked |  0
|  41|0x000000070b000000, 0x000000070b000000, 0x000000070b200000|  0%| F|  |TAMS 0x000000070b000000| PB 0x000000070b000000| Untracked |  0
|  42|0x000000070b200000, 0x000000070b200000, 0x000000070b400000|  0%| F|  |TAMS 0x000000070b200000| PB 0x000000070b200000| Untracked |  0
|  43|0x000000070b400000, 0x000000070b400000, 0x000000070b600000|  0%| F|  |TAMS 0x000000070b400000| PB 0x000000070b400000| Untracked |  0
|  44|0x000000070b600000, 0x000000070b600000, 0x000000070b800000|  0%| F|  |TAMS 0x000000070b600000| PB 0x000000070b600000| Untracked |  0
|  45|0x000000070b800000, 0x000000070b800000, 0x000000070ba00000|  0%| F|  |TAMS 0x000000070b800000| PB 0x000000070b800000| Untracked |  0
|  46|0x000000070ba00000, 0x000000070ba00000, 0x000000070bc00000|  0%| F|  |TAMS 0x000000070ba00000| PB 0x000000070ba00000| Untracked |  0
|  47|0x000000070bc00000, 0x000000070bc00000, 0x000000070be00000|  0%| F|  |TAMS 0x000000070bc00000| PB 0x000000070bc00000| Untracked |  0
|  48|0x000000070be00000, 0x000000070be00000, 0x000000070c000000|  0%| F|  |TAMS 0x000000070be00000| PB 0x000000070be00000| Untracked |  0
|  49|0x000000070c000000, 0x000000070c000000, 0x000000070c200000|  0%| F|  |TAMS 0x000000070c000000| PB 0x000000070c000000| Untracked |  0
|  50|0x000000070c200000, 0x000000070c200000, 0x000000070c400000|  0%| F|  |TAMS 0x000000070c200000| PB 0x000000070c200000| Untracked |  0
|  51|0x000000070c400000, 0x000000070c400000, 0x000000070c600000|  0%| F|  |TAMS 0x000000070c400000| PB 0x000000070c400000| Untracked |  0
|  52|0x000000070c600000, 0x000000070c600000, 0x000000070c800000|  0%| F|  |TAMS 0x000000070c600000| PB 0x000000070c600000| Untracked |  0
|  53|0x000000070c800000, 0x000000070c800000, 0x000000070ca00000|  0%| F|  |TAMS 0x000000070c800000| PB 0x000000070c800000| Untracked |  0
|  54|0x000000070ca00000, 0x000000070ca00000, 0x000000070cc00000|  0%| F|  |TAMS 0x000000070ca00000| PB 0x000000070ca00000| Untracked |  0
|  55|0x000000070cc00000, 0x000000070cc00000, 0x000000070ce00000|  0%| F|  |TAMS 0x000000070cc00000| PB 0x000000070cc00000| Untracked |  0
|  56|0x000000070ce00000, 0x000000070ce00000, 0x000000070d000000|  0%| F|  |TAMS 0x000000070ce00000| PB 0x000000070ce00000| Untracked |  0
|  57|0x000000070d000000, 0x000000070d000000, 0x000000070d200000|  0%| F|  |TAMS 0x000000070d000000| PB 0x000000070d000000| Untracked |  0
|  58|0x000000070d200000, 0x000000070d200000, 0x000000070d400000|  0%| F|  |TAMS 0x000000070d200000| PB 0x000000070d200000| Untracked |  0
|  59|0x000000070d400000, 0x000000070d400000, 0x000000070d600000|  0%| F|  |TAMS 0x000000070d400000| PB 0x000000070d400000| Untracked |  0
|  60|0x000000070d600000, 0x000000070d600000, 0x000000070d800000|  0%| F|  |TAMS 0x000000070d600000| PB 0x000000070d600000| Untracked |  0
|  61|0x000000070d800000, 0x000000070d800000, 0x000000070da00000|  0%| F|  |TAMS 0x000000070d800000| PB 0x000000070d800000| Untracked |  0
|  62|0x000000070da00000, 0x000000070da00000, 0x000000070dc00000|  0%| F|  |TAMS 0x000000070da00000| PB 0x000000070da00000| Untracked |  0
|  63|0x000000070dc00000, 0x000000070dc00000, 0x000000070de00000|  0%| F|  |TAMS 0x000000070dc00000| PB 0x000000070dc00000| Untracked |  0
|  64|0x000000070de00000, 0x000000070de00000, 0x000000070e000000|  0%| F|  |TAMS 0x000000070de00000| PB 0x000000070de00000| Untracked |  0
|  65|0x000000070e000000, 0x000000070e000000, 0x000000070e200000|  0%| F|  |TAMS 0x000000070e000000| PB 0x000000070e000000| Untracked |  0
|  66|0x000000070e200000, 0x000000070e200000, 0x000000070e400000|  0%| F|  |TAMS 0x000000070e200000| PB 0x000000070e200000| Untracked |  0
|  67|0x000000070e400000, 0x000000070e400000, 0x000000070e600000|  0%| F|  |TAMS 0x000000070e400000| PB 0x000000070e400000| Untracked |  0
|  68|0x000000070e600000, 0x000000070e600000, 0x000000070e800000|  0%| F|  |TAMS 0x000000070e600000| PB 0x000000070e600000| Untracked |  0
|  69|0x000000070e800000, 0x000000070e800000, 0x000000070ea00000|  0%| F|  |TAMS 0x000000070e800000| PB 0x000000070e800000| Untracked |  0
|  70|0x000000070ea00000, 0x000000070ea00000, 0x000000070ec00000|  0%| F|  |TAMS 0x000000070ea00000| PB 0x000000070ea00000| Untracked |  0
|  71|0x000000070ec00000, 0x000000070ec00000, 0x000000070ee00000|  0%| F|  |TAMS 0x000000070ec00000| PB 0x000000070ec00000| Untracked |  0
|  72|0x000000070ee00000, 0x000000070ee00000, 0x000000070f000000|  0%| F|  |TAMS 0x000000070ee00000| PB 0x000000070ee00000| Untracked |  0
|  73|0x000000070f000000, 0x000000070f000000, 0x000000070f200000|  0%| F|  |TAMS 0x000000070f000000| PB 0x000000070f000000| Untracked |  0
|  74|0x000000070f200000, 0x000000070f200000, 0x000000070f400000|  0%| F|  |TAMS 0x000000070f200000| PB 0x000000070f200000| Untracked |  0
|  75|0x000000070f400000, 0x000000070f400000, 0x000000070f600000|  0%| F|  |TAMS 0x000000070f400000| PB 0x000000070f400000| Untracked |  0
|  76|0x000000070f600000, 0x000000070f600000, 0x000000070f800000|  0%| F|  |TAMS 0x000000070f600000| PB 0x000000070f600000| Untracked |  0
|  77|0x000000070f800000, 0x000000070f800000, 0x000000070fa00000|  0%| F|  |TAMS 0x000000070f800000| PB 0x000000070f800000| Untracked |  0
|  78|0x000000070fa00000, 0x000000070fa00000, 0x000000070fc00000|  0%| F|  |TAMS 0x000000070fa00000| PB 0x000000070fa00000| Untracked |  0
|  79|0x000000070fc00000, 0x000000070fc00000, 0x000000070fe00000|  0%| F|  |TAMS 0x000000070fc00000| PB 0x000000070fc00000| Untracked |  0
|  80|0x000000070fe00000, 0x000000070fe00000, 0x0000000710000000|  0%| F|  |TAMS 0x000000070fe00000| PB 0x000000070fe00000| Untracked |  0
|  81|0x0000000710000000, 0x0000000710000000, 0x0000000710200000|  0%| F|  |TAMS 0x0000000710000000| PB 0x0000000710000000| Untracked |  0
|  82|0x0000000710200000, 0x0000000710200000, 0x0000000710400000|  0%| F|  |TAMS 0x0000000710200000| PB 0x0000000710200000| Untracked |  0
|  83|0x0000000710400000, 0x0000000710400000, 0x0000000710600000|  0%| F|  |TAMS 0x0000000710400000| PB 0x0000000710400000| Untracked |  0
|  84|0x0000000710600000, 0x0000000710600000, 0x0000000710800000|  0%| F|  |TAMS 0x0000000710600000| PB 0x0000000710600000| Untracked |  0
|  85|0x0000000710800000, 0x0000000710800000, 0x0000000710a00000|  0%| F|  |TAMS 0x0000000710800000| PB 0x0000000710800000| Untracked |  0
|  86|0x0000000710a00000, 0x0000000710a00000, 0x0000000710c00000|  0%| F|  |TAMS 0x0000000710a00000| PB 0x0000000710a00000| Untracked |  0
|  87|0x0000000710c00000, 0x0000000710c00000, 0x0000000710e00000|  0%| F|  |TAMS 0x0000000710c00000| PB 0x0000000710c00000| Untracked |  0
|  88|0x0000000710e00000, 0x0000000710e00000, 0x0000000711000000|  0%| F|  |TAMS 0x0000000710e00000| PB 0x0000000710e00000| Untracked |  0
|  89|0x0000000711000000, 0x0000000711000000, 0x0000000711200000|  0%| F|  |TAMS 0x0000000711000000| PB 0x0000000711000000| Untracked |  0
|  90|0x0000000711200000, 0x0000000711200000, 0x0000000711400000|  0%| F|  |TAMS 0x0000000711200000| PB 0x0000000711200000| Untracked |  0
|  91|0x0000000711400000, 0x0000000711400000, 0x0000000711600000|  0%| F|  |TAMS 0x0000000711400000| PB 0x0000000711400000| Untracked |  0
|  92|0x0000000711600000, 0x0000000711600000, 0x0000000711800000|  0%| F|  |TAMS 0x0000000711600000| PB 0x0000000711600000| Untracked |  0
|  93|0x0000000711800000, 0x0000000711800000, 0x0000000711a00000|  0%| F|  |TAMS 0x0000000711800000| PB 0x0000000711800000| Untracked |  0
|  94|0x0000000711a00000, 0x0000000711a00000, 0x0000000711c00000|  0%| F|  |TAMS 0x0000000711a00000| PB 0x0000000711a00000| Untracked |  0
|  95|0x0000000711c00000, 0x0000000711c00000, 0x0000000711e00000|  0%| F|  |TAMS 0x0000000711c00000| PB 0x0000000711c00000| Untracked |  0
|  96|0x0000000711e00000, 0x0000000711e00000, 0x0000000712000000|  0%| F|  |TAMS 0x0000000711e00000| PB 0x0000000711e00000| Untracked |  0
|  97|0x0000000712000000, 0x0000000712000000, 0x0000000712200000|  0%| F|  |TAMS 0x0000000712000000| PB 0x0000000712000000| Untracked |  0
|  98|0x0000000712200000, 0x0000000712200000, 0x0000000712400000|  0%| F|  |TAMS 0x0000000712200000| PB 0x0000000712200000| Untracked |  0
|  99|0x0000000712400000, 0x0000000712400000, 0x0000000712600000|  0%| F|  |TAMS 0x0000000712400000| PB 0x0000000712400000| Untracked |  0
| 100|0x0000000712600000, 0x0000000712600000, 0x0000000712800000|  0%| F|  |TAMS 0x0000000712600000| PB 0x0000000712600000| Untracked |  0
| 101|0x0000000712800000, 0x0000000712800000, 0x0000000712a00000|  0%| F|  |TAMS 0x0000000712800000| PB 0x0000000712800000| Untracked |  0
| 102|0x0000000712a00000, 0x0000000712a00000, 0x0000000712c00000|  0%| F|  |TAMS 0x0000000712a00000| PB 0x0000000712a00000| Untracked |  0
| 103|0x0000000712c00000, 0x0000000712c00000, 0x0000000712e00000|  0%| F|  |TAMS 0x0000000712c00000| PB 0x0000000712c00000| Untracked |  0
| 104|0x0000000712e00000, 0x0000000712e00000, 0x0000000713000000|  0%| F|  |TAMS 0x0000000712e00000| PB 0x0000000712e00000| Untracked |  0
| 105|0x0000000713000000, 0x0000000713000000, 0x0000000713200000|  0%| F|  |TAMS 0x0000000713000000| PB 0x0000000713000000| Untracked |  0
| 106|0x0000000713200000, 0x0000000713200000, 0x0000000713400000|  0%| F|  |TAMS 0x0000000713200000| PB 0x0000000713200000| Untracked |  0
| 107|0x0000000713400000, 0x0000000713400000, 0x0000000713600000|  0%| F|  |TAMS 0x0000000713400000| PB 0x0000000713400000| Untracked |  0
| 108|0x0000000713600000, 0x0000000713600000, 0x0000000713800000|  0%| F|  |TAMS 0x0000000713600000| PB 0x0000000713600000| Untracked |  0
| 109|0x0000000713800000, 0x0000000713800000, 0x0000000713a00000|  0%| F|  |TAMS 0x0000000713800000| PB 0x0000000713800000| Untracked |  0
| 110|0x0000000713a00000, 0x0000000713a00000, 0x0000000713c00000|  0%| F|  |TAMS 0x0000000713a00000| PB 0x0000000713a00000| Untracked |  0
| 111|0x0000000713c00000, 0x0000000713c00000, 0x0000000713e00000|  0%| F|  |TAMS 0x0000000713c00000| PB 0x0000000713c00000| Untracked |  0
| 112|0x0000000713e00000, 0x0000000713e00000, 0x0000000714000000|  0%| F|  |TAMS 0x0000000713e00000| PB 0x0000000713e00000| Untracked |  0
| 113|0x0000000714000000, 0x0000000714000000, 0x0000000714200000|  0%| F|  |TAMS 0x0000000714000000| PB 0x0000000714000000| Untracked |  0
| 114|0x0000000714200000, 0x00000007142f5c48, 0x0000000714400000| 48%| E|  |TAMS 0x0000000714200000| PB 0x0000000714200000| Complete |  0
| 115|0x0000000714400000, 0x0000000714600000, 0x0000000714600000|100%| E|CS|TAMS 0x0000000714400000| PB 0x0000000714400000| Complete |  0
| 116|0x0000000714600000, 0x0000000714800000, 0x0000000714800000|100%| E|CS|TAMS 0x0000000714600000| PB 0x0000000714600000| Complete |  0
| 117|0x0000000714800000, 0x0000000714a00000, 0x0000000714a00000|100%| E|CS|TAMS 0x0000000714800000| PB 0x0000000714800000| Complete |  0
| 118|0x0000000714a00000, 0x0000000714c00000, 0x0000000714c00000|100%| E|CS|TAMS 0x0000000714a00000| PB 0x0000000714a00000| Complete |  0
| 119|0x0000000714c00000, 0x0000000714e00000, 0x0000000714e00000|100%| E|CS|TAMS 0x0000000714c00000| PB 0x0000000714c00000| Complete |  0
| 120|0x0000000714e00000, 0x0000000715000000, 0x0000000715000000|100%| E|CS|TAMS 0x0000000714e00000| PB 0x0000000714e00000| Complete |  0
| 121|0x0000000715000000, 0x0000000715200000, 0x0000000715200000|100%| E|CS|TAMS 0x0000000715000000| PB 0x0000000715000000| Complete |  0
| 122|0x0000000715200000, 0x0000000715400000, 0x0000000715400000|100%| E|  |TAMS 0x0000000715200000| PB 0x0000000715200000| Complete |  0
| 123|0x0000000715400000, 0x0000000715600000, 0x0000000715600000|100%| E|CS|TAMS 0x0000000715400000| PB 0x0000000715400000| Complete |  0
| 124|0x0000000715600000, 0x0000000715800000, 0x0000000715800000|100%| E|CS|TAMS 0x0000000715600000| PB 0x0000000715600000| Complete |  0
| 125|0x0000000715800000, 0x0000000715a00000, 0x0000000715a00000|100%| E|CS|TAMS 0x0000000715800000| PB 0x0000000715800000| Complete |  0
|2000|0x00000007ffe00000, 0x00000007fff257b8, 0x0000000800000000| 57%| O|  |TAMS 0x00000007ffe00000| PB 0x00000007ffe00000| Untracked |  0

Card table byte_map: [0x000002796fe30000,0x0000027970610000] _byte_map_base: 0x000002796c601000

Marking Bits: (CMBitMap*) 0x00000279579027f0
 Bits: [0x0000027970610000, 0x0000027974498000)

Polling page: 0x0000027955710000

Metaspace:
Metaspace        used 6820K, committed 6976K, reserved 1114112K
 class space     used 693K, committed 768K, reserved 1048576K

Usage:
  Non-class:      5.98 MB used.
      Class:    693.41 KB used.
       Both:      6.66 MB used.

Virtual space:
  Non-class space:       64.00 MB reserved,       6.06 MB (  9%) committed,  1 nodes.
      Class space:        1.00 GB reserved,     768.00 KB ( <1%) committed,  1 nodes.
             Both:        1.06 GB reserved,       6.81 MB ( <1%) committed. 

Chunk freelists:
   Non-Class:  7.31 MB
       Class:  15.16 MB
        Both:  22.47 MB

MaxMetaspaceSize: unlimited
CompressedClassSpaceSize: 1.00 GB
Initial GC threshold: 21.00 MB
Current GC threshold: 21.00 MB
CDS: on
 - commit_granule_bytes: 65536.
 - commit_granule_words: 8192.
 - virtual_space_node_default_size: 8388608.
 - enlarge_chunks_in_place: 1.
UseCompressedClassPointers 1, UseCompactObjectHeaders 0
Narrow klass pointer bits 32, Max shift 3
Narrow klass base: 0x0000000025000000, Narrow klass shift: 0
Encoding Range: [0x0000000025000000 - 0x0000000125000000), (4294967296 bytes)
Klass Range:    [0x0000000025010000 - 0x0000000066000000), (1090453504 bytes)
Klass ID Range:  [65536 - 1090519033) (1090453497)
Protection zone: [0x0000000025000000 - 0x0000000025010000), (65536 bytes)


Internal statistics:

num_allocs_failed_limit: 0.
num_arena_births: 46.
num_arena_deaths: 0.
num_vsnodes_births: 2.
num_vsnodes_deaths: 0.
num_space_committed: 109.
num_space_uncommitted: 0.
num_chunks_returned_to_freelist: 0.
num_chunks_taken_from_freelist: 250.
num_chunk_merges: 0.
num_chunk_splits: 205.
num_chunks_enlarged: 179.
num_inconsistent_stats: 0.

CodeHeap 'non-profiled nmethods': size=120064Kb used=225Kb max_used=225Kb free=119838Kb
 bounds [0x0000027967bc0000, 0x0000027967e30000, 0x000002796f100000]
CodeHeap 'profiled nmethods': size=120000Kb used=1209Kb max_used=1209Kb free=118790Kb
 bounds [0x0000027960100000, 0x0000027960370000, 0x0000027967630000]
CodeHeap 'non-nmethods': size=5696Kb used=1343Kb max_used=1351Kb free=4352Kb
 bounds [0x0000027967630000, 0x00000279678a0000, 0x0000027967bc0000]
CodeCache: size=245760Kb, used=2777Kb, max_used=2785Kb, free=242980Kb
 total_blobs=1370, nmethods=909, adapters=364, full_count=0
Compilation: enabled, stopped_count=0, restarted_count=0

Compilation events (20 events):
Event: 1.436 Thread 0x00000279554add10 nmethod 847 0x0000027967bf3988 code [0x0000027967bf3a80, 0x0000027967bf3da8]
Event: 1.436 Thread 0x00000279554add10  848       4       jdk.internal.util.ArraysSupport::mismatch (103 bytes)
Event: 1.440 Thread 0x00000279554add10 nmethod 848 0x0000027967bf3e08 code [0x0000027967bf3f00, 0x0000027967bf4140]
Event: 1.440 Thread 0x00000279554add10  850       4       java.nio.DirectByteBuffer::ix (10 bytes)
Event: 1.440 Thread 0x00000279554add10 nmethod 850 0x0000027967bf4188 code [0x0000027967bf4280, 0x0000027967bf4300]
Event: 1.445 Thread 0x00000279554add10  854       4       java.lang.String::substring (58 bytes)
Event: 1.451 Thread 0x00000279554add10 nmethod 854 0x0000027967bf4488 code [0x0000027967bf4580, 0x0000027967bf4c98]
Event: 1.461 Thread 0x00000279554add10  855 %     4       sun.net.www.ParseUtil::firstEncodeIndex @ 7 (86 bytes)
Event: 1.465 Thread 0x00000279554add10 nmethod 855% 0x0000027967bf4d08 code [0x0000027967bf4e00, 0x0000027967bf50c0]
Event: 1.502 Thread 0x00000279554add10  856       4       java.util.concurrent.ConcurrentHashMap::setTabAt (19 bytes)
Event: 1.502 Thread 0x00000279554add10 nmethod 856 0x0000027967bf5108 code [0x0000027967bf5200, 0x0000027967bf5368]
Event: 1.518 Thread 0x00000279554add10  857       4       java.util.concurrent.ConcurrentHashMap::get (162 bytes)
Event: 1.523 Thread 0x00000279554add10 nmethod 857 0x0000027967bf5408 code [0x0000027967bf5500, 0x0000027967bf5828]
Event: 1.523 Thread 0x00000279554add10  858 %     4       java.lang.StringLatin1::indexOf @ 30 (121 bytes)
Event: 1.531 Thread 0x00000279554add10 nmethod 858% 0x0000027967bf5888 code [0x0000027967bf5980, 0x0000027967bf5d90]
Event: 1.591 Thread 0x00000279554add10  859       4       sun.net.www.ParseUtil::firstEncodeIndex (86 bytes)
Event: 1.595 Thread 0x00000279554add10 nmethod 859 0x0000027967bf5e08 code [0x0000027967bf5f00, 0x0000027967bf6150]
Event: 1.637 Thread 0x00000279554ab4c0  860       3       kotlin.reflect.jvm.internal.pcollections.HashPMap::getEntries (22 bytes)
Event: 1.638 Thread 0x00000279554ab4c0 nmethod 860 0x000002796021fc88 code [0x000002796021fd80, 0x00000279602201b0]
Event: 1.654 Thread 0x00000279554add10  861       4       java.lang.StringLatin1::indexOf (121 bytes)

GC Heap Usage History (0 events):
No events

Metaspace Usage History (0 events):
No events

Dll operation events (5 events):
Event: 0.038 Loaded shared library C:\jdk-25.0.2\bin\java.dll
Event: 0.142 Loaded shared library C:\jdk-25.0.2\bin\net.dll
Event: 0.146 Loaded shared library C:\jdk-25.0.2\bin\nio.dll
Event: 0.192 Loaded shared library C:\jdk-25.0.2\bin\zip.dll
Event: 0.306 Loaded shared library C:\jdk-25.0.2\bin\jimage.dll

Deoptimization events (20 events):
Event: 0.316 Thread 0x00000279554a3080 Uncommon trap: trap_request=0xffffff45 fr.pc=0x0000027967bc5ac4 relative=0x00000000000009c4
Event: 0.316 Thread 0x00000279554a3080 Uncommon trap: reason=unstable_if action=reinterpret pc=0x0000027967bc5ac4 method=java.util.zip.ZipFile$Source.checkAndAddEntry(IILjava/util/zip/ZipCoder;)I @ 54 c2
Event: 0.316 Thread 0x00000279554a3080 DEOPT PACKING pc=0x0000027967bc5ac4 sp=0x000000d3b9afece0
Event: 0.316 Thread 0x00000279554a3080 DEOPT UNPACKING pc=0x000002796774e582 sp=0x000000d3b9afec50 mode 2
Event: 0.461 Thread 0x00000279554a3080 Uncommon trap: trap_request=0xffffff45 fr.pc=0x0000027967bc27f8 relative=0x0000000000000078
Event: 0.461 Thread 0x00000279554a3080 Uncommon trap: reason=unstable_if action=reinterpret pc=0x0000027967bc27f8 method=jdk.internal.misc.Unsafe.convEndian(ZS)S @ 4 c2
Event: 0.461 Thread 0x00000279554a3080 DEOPT PACKING pc=0x0000027967bc27f8 sp=0x000000d3b9afea90
Event: 0.461 Thread 0x00000279554a3080 DEOPT UNPACKING pc=0x000002796774e582 sp=0x000000d3b9afe9c0 mode 2
Event: 0.467 Thread 0x00000279554a3080 Uncommon trap: trap_request=0xffffff45 fr.pc=0x0000027967bc3874 relative=0x0000000000000074
Event: 0.467 Thread 0x00000279554a3080 Uncommon trap: reason=unstable_if action=reinterpret pc=0x0000027967bc3874 method=jdk.internal.misc.Unsafe.convEndian(ZI)I @ 4 c2
Event: 0.467 Thread 0x00000279554a3080 DEOPT PACKING pc=0x0000027967bc3874 sp=0x000000d3b9afe3f0
Event: 0.467 Thread 0x00000279554a3080 DEOPT UNPACKING pc=0x000002796774e582 sp=0x000000d3b9afe320 mode 2
Event: 0.588 Thread 0x00000279554a3080 Uncommon trap: trap_request=0xffffff66 fr.pc=0x0000027967bd157c relative=0x000000000000017c
Event: 0.588 Thread 0x00000279554a3080 Uncommon trap: reason=loop_limit_check action=maybe_recompile pc=0x0000027967bd157c method=java.lang.StringLatin1.lastIndexOf([BII)I @ 19 c2
Event: 0.588 Thread 0x00000279554a3080 DEOPT PACKING pc=0x0000027967bd157c sp=0x000000d3b9afca40
Event: 0.588 Thread 0x00000279554a3080 DEOPT UNPACKING pc=0x000002796774e582 sp=0x000000d3b9afc9c0 mode 2
Event: 1.591 Thread 0x00000279554a3080 DEOPT PACKING pc=0x000002796013a4a0 sp=0x000000d3b9afd050
Event: 1.591 Thread 0x00000279554a3080 DEOPT UNPACKING pc=0x0000027967681702 sp=0x000000d3b9afc558 mode 0
Event: 1.654 Thread 0x00000279554a3080 DEOPT PACKING pc=0x0000027960124a99 sp=0x000000d3b9afc250
Event: 1.654 Thread 0x00000279554a3080 DEOPT UNPACKING pc=0x0000027967681702 sp=0x000000d3b9afb6a0 mode 0

Classes loaded (20 events):
Event: 1.243 Loading class sun/net/www/protocol/jar/URLJarFile
Event: 1.244 Loading class sun/net/www/protocol/jar/URLJarFile done
Event: 1.248 Loading class sun/net/www/protocol/jar/URLJarFile$URLJarFileEntry
Event: 1.248 Loading class sun/net/www/protocol/jar/URLJarFile$URLJarFileEntry done
Event: 1.248 Loading class sun/net/www/protocol/jar/JarURLConnection$JarURLInputStream
Event: 1.248 Loading class sun/net/www/protocol/jar/JarURLConnection$JarURLInputStream done
Event: 1.248 Loading class java/io/BufferedReader
Event: 1.248 Loading class java/io/Reader
Event: 1.248 Loading class java/io/Reader done
Event: 1.248 Loading class java/io/BufferedReader done
Event: 1.248 Loading class java/io/InputStreamReader
Event: 1.248 Loading class java/io/InputStreamReader done
Event: 1.248 Loading class sun/nio/cs/StreamDecoder
Event: 1.249 Loading class sun/nio/cs/StreamDecoder done
Event: 1.249 Loading class sun/nio/cs/UTF_8$Decoder
Event: 1.249 Loading class sun/nio/cs/UTF_8$Decoder done
Event: 1.461 Loading class java/lang/reflect/InvocationTargetException
Event: 1.461 Loading class java/lang/reflect/InvocationTargetException done
Event: 1.478 Loading class java/io/UnsupportedEncodingException
Event: 1.478 Loading class java/io/UnsupportedEncodingException done

Classes unloaded (0 events):
No events

Classes redefined (0 events):
No events

Internal exceptions (5 events):
Event: 0.385 Thread 0x00000279554a3080 Exception <a 'java/lang/NoSuchMethodError'{0x0000000715584d68}: 'java.lang.Object java.lang.invoke.DirectMethodHandle$Holder.invokeStaticInit(java.lang.Object)'> (0x0000000715584d68) 
thrown [s\open\src\hotspot\share\interpreter\linkResolver.cpp, line 804]
Event: 0.488 Thread 0x00000279554a3080 Exception <a 'java/lang/NoSuchMethodError'{0x000000071512ad78}: 'void java.lang.invoke.DirectMethodHandle$Holder.invokeSpecial(java.lang.Object, java.lang.Object, java.lang.Object)'> (0x000000071512ad78) 
thrown [s\open\src\hotspot\share\interpreter\linkResolver.cpp, line 804]
Event: 0.740 Thread 0x00000279554a3080 Exception <a 'java/lang/NoSuchMethodError'{0x0000000714fe2e00}: 'void java.lang.invoke.DirectMethodHandle$Holder.invokeSpecial(java.lang.Object, java.lang.Object, int)'> (0x0000000714fe2e00) 
thrown [s\open\src\hotspot\share\interpreter\linkResolver.cpp, line 804]
Event: 0.747 Thread 0x00000279554a3080 Exception <a 'java/lang/NoSuchMethodError'{0x0000000714ffcc48}: 'java.lang.Object java.lang.invoke.DirectMethodHandle$Holder.invokeStatic(java.lang.Object, java.lang.Object, java.lang.Object, java.lang.Object, int)'> (0x0000000714ffcc48) 
thrown [s\open\src\hotspot\share\interpreter\linkResolver.cpp, line 804]
Event: 0.756 Thread 0x00000279554a3080 Exception <a 'java/lang/NoSuchMethodError'{0x0000000714c17910}: 'void java.lang.invoke.DelegatingMethodHandle$Holder.reinvoke_L(java.lang.Object, java.lang.Object, int)'> (0x0000000714c17910) 
thrown [s\open\src\hotspot\share\interpreter\linkResolver.cpp, line 804]

VM Operations (4 events):
Event: 0.587 Executing non-safepoint VM operation: HandshakeAllThreads (Deoptimize)
Event: 0.587 Executing non-safepoint VM operation: HandshakeAllThreads (Deoptimize) done
Event: 1.244 Executing non-safepoint VM operation: HandshakeAllThreads (Deoptimize)
Event: 1.244 Executing non-safepoint VM operation: HandshakeAllThreads (Deoptimize) done

Memory protections (0 events):
No events

Nmethod flushes (0 events):
No events

Events (15 events):
Event: 0.072 Thread 0x00000279554a3080 Thread added: 0x00000279554a3080
Event: 0.090 Thread 0x00000279554a3080 Thread added: 0x0000027976870b40
Event: 0.091 Thread 0x00000279554a3080 Thread added: 0x00000279768715a0
Event: 0.091 Thread 0x00000279554a3080 Thread added: 0x0000027976873bb0
Event: 0.091 Thread 0x00000279554a3080 Thread added: 0x00000279768758d0
Event: 0.091 Thread 0x00000279554a3080 Thread added: 0x0000027976876490
Event: 0.091 Thread 0x00000279554a3080 Thread added: 0x0000027976877050
Event: 0.092 Thread 0x00000279554a3080 Thread added: 0x00000279554add10
Event: 0.092 Thread 0x00000279554a3080 Thread added: 0x00000279554ab4c0
Event: 0.123 Thread 0x00000279554a3080 Thread added: 0x00000279771bd8d0
Event: 0.134 Thread 0x00000279554a3080 Thread added: 0x00000279771d07f0
Event: 0.166 Thread 0x00000279554add10 Thread added: 0x00000279554af540
Event: 0.502 Thread 0x00000279554af540 Thread exited: 0x00000279554af540
Event: 0.642 Thread 0x00000279554ab4c0 Thread added: 0x00000279554af540
Event: 1.037 Thread 0x00000279554af540 Thread exited: 0x00000279554af540


Dynamic libraries:
0x00007ff6a4a90000 - 0x00007ff6a4aa0000 	C:\jdk-25.0.2\bin\java.exe
0x00007ff9f8260000 - 0x00007ff9f84c7000 	C:\WINDOWS\SYSTEM32\ntdll.dll
0x00007ff9f7bc0000 - 0x00007ff9f7c89000 	C:\WINDOWS\System32\KERNEL32.DLL
0x00007ff9f4b40000 - 0x00007ff9f4f31000 	C:\WINDOWS\System32\KERNELBASE.dll
0x00007ff9f5070000 - 0x00007ff9f51bb000 	C:\WINDOWS\System32\ucrtbase.dll
0x00007ff9dbef0000 - 0x00007ff9dbf0e000 	C:\jdk-25.0.2\bin\VCRUNTIME140.dll
0x00007ff9d3de0000 - 0x00007ff9d3df7000 	C:\jdk-25.0.2\bin\jli.dll
0x00007ff9f6110000 - 0x00007ff9f62d5000 	C:\WINDOWS\System32\USER32.dll
0x00007ff9dc090000 - 0x00007ff9dc323000 	C:\WINDOWS\WinSxS\amd64_microsoft.windows.common-controls_6595b64144ccf1df_6.0.26100.8037_none_3e092faae333b53b\COMCTL32.dll
0x00007ff9f5fd0000 - 0x00007ff9f5ff7000 	C:\WINDOWS\System32\win32u.dll
0x00007ff9f7cf0000 - 0x00007ff9f7d99000 	C:\WINDOWS\System32\msvcrt.dll
0x00007ff9f7b00000 - 0x00007ff9f7b2b000 	C:\WINDOWS\System32\GDI32.dll
0x00007ff9f4f40000 - 0x00007ff9f506b000 	C:\WINDOWS\System32\gdi32full.dll
0x00007ff9f53e0000 - 0x00007ff9f5483000 	C:\WINDOWS\System32\msvcp_win.dll
0x00007ff9f7730000 - 0x00007ff9f7761000 	C:\WINDOWS\System32\IMM32.DLL
0x00007ff9ebf10000 - 0x00007ff9ebf1c000 	C:\jdk-25.0.2\bin\vcruntime140_1.dll
0x00007ff9b2d50000 - 0x00007ff9b2ddd000 	C:\jdk-25.0.2\bin\msvcp140.dll
0x00007ff91af50000 - 0x00007ff91bdaf000 	C:\jdk-25.0.2\bin\server\jvm.dll
0x00007ff9f7a40000 - 0x00007ff9f7afb000 	C:\WINDOWS\System32\ADVAPI32.dll
0x00007ff9f7670000 - 0x00007ff9f7717000 	C:\WINDOWS\System32\sechost.dll
0x00007ff9f62e0000 - 0x00007ff9f63f8000 	C:\WINDOWS\System32\RPCRT4.dll
0x00007ff9f7b30000 - 0x00007ff9f7ba4000 	C:\WINDOWS\System32\WS2_32.dll
0x00007ff9f3720000 - 0x00007ff9f377e000 	C:\WINDOWS\SYSTEM32\POWRPROF.dll
0x00007ff9ec4e0000 - 0x00007ff9ec4eb000 	C:\WINDOWS\SYSTEM32\VERSION.dll
0x00007ff9eaae0000 - 0x00007ff9eab15000 	C:\WINDOWS\SYSTEM32\WINMM.dll
0x00007ff9f3700000 - 0x00007ff9f3714000 	C:\WINDOWS\SYSTEM32\UMPDC.dll
0x00007ff9f39f0000 - 0x00007ff9f3a0b000 	C:\WINDOWS\SYSTEM32\kernel.appcore.dll
0x00007ff9d3da0000 - 0x00007ff9d3daa000 	C:\jdk-25.0.2\bin\jimage.dll
0x00007ff9f2940000 - 0x00007ff9f2b82000 	C:\WINDOWS\SYSTEM32\DBGHELP.DLL
0x00007ff9f7da0000 - 0x00007ff9f8122000 	C:\WINDOWS\System32\combase.dll
0x00007ff9f7590000 - 0x00007ff9f7667000 	C:\WINDOWS\System32\OLEAUT32.dll
0x00007ff9d69a0000 - 0x00007ff9d69db000 	C:\WINDOWS\SYSTEM32\dbgcore.DLL
0x00007ff9f5330000 - 0x00007ff9f53d5000 	C:\WINDOWS\System32\bcryptPrimitives.dll
0x00007ff9cf570000 - 0x00007ff9cf58f000 	C:\jdk-25.0.2\bin\java.dll
0x00007ff9f6400000 - 0x00007ff9f6595000 	C:\WINDOWS\System32\ole32.dll
0x00007ff9f6e20000 - 0x00007ff9f757f000 	C:\WINDOWS\System32\SHELL32.dll
0x00007ff9f51c0000 - 0x00007ff9f532a000 	C:\WINDOWS\System32\wintypes.dll
0x00007ff9f5520000 - 0x00007ff9f5d84000 	C:\WINDOWS\System32\windows.storage.dll
0x00007ff9f6b40000 - 0x00007ff9f6c37000 	C:\WINDOWS\System32\SHCORE.dll
0x00007ff9f79d0000 - 0x00007ff9f7a37000 	C:\WINDOWS\System32\shlwapi.dll
0x00007ff9f4a60000 - 0x00007ff9f4a89000 	C:\WINDOWS\SYSTEM32\profapi.dll
0x00007ff9cc9a0000 - 0x00007ff9cc9b2000 	C:\jdk-25.0.2\bin\net.dll
0x00007ff9f3f60000 - 0x00007ff9f3fcb000 	C:\WINDOWS\system32\mswsock.dll
0x00007ff9cc350000 - 0x00007ff9cc366000 	C:\jdk-25.0.2\bin\nio.dll
0x00007ff9cca10000 - 0x00007ff9cca27000 	C:\jdk-25.0.2\bin\zip.dll

JVMTI agents: none

dbghelp: loaded successfully - version: 4.0.5 - missing functions: none
symbol engine: initialized successfully - sym options: 0x614 - pdb path: .;C:\jdk-25.0.2\bin;C:\WINDOWS\SYSTEM32;C:\WINDOWS\WinSxS\amd64_microsoft.windows.common-controls_6595b64144ccf1df_6.0.26100.8037_none_3e092faae333b53b;C:\jdk-25.0.2\bin\server

VM Arguments:
java_command: org.jetbrains.kotlin.cli.jvm.K2JVMCompiler -Xallow-no-source-files -classpath C:\Users\User\.gradle\caches\modules-2\files-2.1\org.jetbrains.exposed\exposed-dao\0.61.0\d501332d63b7cb93afc8c39b207d9fd31759784f\exposed-dao-0.61.0.jar;C:\Users\User\.gradle\caches\modules-2\files-2.1\org.jetbrains.exposed\exposed-jdbc\0.61.0\a460d85b4a81be32d5caa2d10ed3250a99c03faa\exposed-jdbc-0.61.0.jar;C:\Users\User\.gradle\caches\modules-2\files-2.1\org.jetbrains.exposed\exposed-kotlin-datetime\0.61.0\e667d8659831d63050891e4a198a3a565680e474\exposed-kotlin-datetime-0.61.0.jar;C:\Users\User\.gradle\caches\modules-2\files-2.1\org.jetbrains.exposed\exposed-java-time\0.61.0\3b299c181e8de1729c6e39f5546d7be2b90ddca\exposed-java-time-0.61.0.jar;C:\Users\User\.gradle\caches\modules-2\files-2.1\org.jetbrains.exposed\exposed-core\0.61.0\2d4189e372ffb201608585787513c296a4abcd31\exposed-core-0.61.0.jar;C:\Users\User\.gradle\caches\modules-2\files-2.1\io.insert-koin\koin-logger-slf4j\4.1.2-Beta1\9542d39e351d0dbf26100ca11c6dc4210b952707\koin-logger-slf4j-4.1.2-Beta1.jar;C:\Users\User\.gradle\caches\modules-2\files-2.1\io.github.cdimascio\dotenv-kotlin\6.5.1\47f89474eab362431e6fe49d1b6c123225a0eb97\dotenv-kotlin-6.5.1.jar;C:\Users\User\.gradle\caches\modules-2\files-2.1\io.ktor\ktor-server-auth-jwt-jvm\3.4.0\f9c667cf2b122debb0081d0d69edb4caaa047d09\ktor-server-auth-jwt-jvm-3.4.0.jar;C:\Users\User\.gradle\caches\modules-2\files-2.1\io.ktor\ktor-server-auth-jvm\3.4.0\6c5fd0cb490bc7efabda621873c07b30b2e7f686\ktor-server-auth-jvm-3.4.0.jar;C:\Users\User\.gradle\caches\modules-2\files-2.1\io.ktor\ktor-server-config-yaml-jvm\3.4.0\5ccb430a2fdc74554e0b4052986352ab4b0c904c\ktor-server-config-yaml-jvm-3.4.0.jar;C:\Users\User\.gradle\caches\modules-2\files-2.1\io.ktor\ktor-server-content-negotiation-jvm\3.4.0\7b8e63349d52285eb6a89a070819385715d9a8e3\ktor-server-content-negotiation-jvm-3.4.0.jar;C:\Users\User\.gradle\caches\modules-2\files-2.1\io.ktor\ktor-server-cors-jvm\3.4.0\fbe7efadd3e2ae
java_class_path (initial): C:\Users\User\.gradle\caches\modules-2\files-2.1\org.jetbrains.kotlin\kotlin-compiler-embeddable\2.3.0\dfa7ae7e29f042fe2abf0708315aa367989bb07d\kotlin-compiler-embeddable-2.3.0.jar;C:\Users\User\.gradle\caches\modules-2\files-2.1\org.jetbrains.kotlin\kotlin-stdlib\2.3.0\ebc4eb2b6e6c91b6c844c1e3183920d86f2ef656\kotlin-stdlib-2.3.0.jar;C:\Users\User\.gradle\caches\modules-2\files-2.1\org.jetbrains.kotlin\kotlin-script-runtime\2.3.0\fb89e0ab064ea19d08c6d6bc9f044d16c5487fc4\kotlin-script-runtime-2.3.0.jar;C:\Users\User\.gradle\caches\modules-2\files-2.1\org.jetbrains.kotlin\kotlin-reflect\1.6.10\1cbe9c92c12a94eea200d23c2bbaedaf3daf5132\kotlin-reflect-1.6.10.jar;C:\Users\User\.gradle\caches\modules-2\files-2.1\org.jetbrains.kotlin\kotlin-daemon-embeddable\2.3.0\3362fbd68a4dfd1df3818cfee0b8d5f4f6a7e35f\kotlin-daemon-embeddable-2.3.0.jar;C:\Users\User\.gradle\caches\modules-2\files-2.1\org.jetbrains.kotlinx\kotlinx-coroutines-core-jvm\1.8.0\ac1dc37a30a93150b704022f8d895ee1bd3a36b3\kotlinx-coroutines-core-jvm-1.8.0.jar;C:\Users\User\.gradle\caches\modules-2\files-2.1\org.jetbrains\annotations\13.0\919f0dfe192fb4e063e7dacadee7f8bb9a2672a9\annotations-13.0.jar
Launcher Type: SUN_STANDARD

[Global flags]
     intx CICompilerCount                          = 4                                         {product} {ergonomic}
     uint ConcGCThreads                            = 3                                         {product} {ergonomic}
     uint G1ConcRefinementThreads                  = 10                                        {product} {ergonomic}
   size_t G1HeapRegionSize                         = 2097152                                   {product} {ergonomic}
   size_t InitialHeapSize                          = 264241152                                 {product} {ergonomic}
   size_t MarkStackSize                            = 4194304                                   {product} {ergonomic}
   size_t MarkStackSizeMax                         = 536870912                                 {product} {ergonomic}
   size_t MaxHeapSize                              = 4196401152                                {product} {ergonomic}
   size_t MaxNewSize                               = 2516582400                                {product} {ergonomic}
   size_t MinHeapDeltaBytes                        = 2097152                                   {product} {ergonomic}
   size_t MinHeapSize                              = 8388608                                   {product} {ergonomic}
    uintx NonNMethodCodeHeapSize                   = 5832704                                {pd product} {ergonomic}
    uintx NonProfiledCodeHeapSize                  = 122945536                              {pd product} {ergonomic}
    uintx ProfiledCodeHeapSize                     = 122880000                              {pd product} {ergonomic}
    uintx ReservedCodeCacheSize                    = 251658240                              {pd product} {ergonomic}
     bool SegmentedCodeCache                       = true                                      {product} {ergonomic}
   size_t SoftMaxHeapSize                          = 4196401152                             {manageable} {ergonomic}
     bool UseCompressedOops                        = true                           {product lp64_product} {ergonomic}
     bool UseG1GC                                  = true                                      {product} {ergonomic}
     bool UseLargePagesIndividualAllocation        = false                                  {pd product} {ergonomic}

Logging:
Log output configuration:
 #0: stdout all=warning uptime,level,tags foldmultilines=false
 #1: stderr all=off uptime,level,tags foldmultilines=false

Release file:
IMPLEMENTOR="Oracle Corporation" 
JAVA_RUNTIME_VERSION="25.0.2+10-LTS-69" 
JAVA_VERSION="25.0.2" 
JAVA_VERSION_DATE="2026-01-20" 
LIBC="default" 
MODULES="java.base java.compiler java.datatransfer java.xml java.prefs java.desktop java.instrument java.logging java.management java.security.sasl java.naming java.rmi java.management.rmi java.net.http java.scripting java.security.jgss java.transaction.xa java.sql java.sql.rowset java.xml.crypto java.se java.smartcardio jdk.accessibility jdk.internal.jvmstat jdk.attach jdk.charsets jdk.internal.opt jdk.zipfs jdk.compiler jdk.crypto.cryptoki jdk.crypto.ec jdk.crypto.mscapi jdk.dynalink jdk.internal.ed jdk.editpad jdk.internal.vm.ci jdk.graal.compiler jdk.graal.compiler.management jdk.hotspot.agent jdk.httpserver jdk.incubator.vector jdk.internal.le jdk.internal.md jdk.jartool jdk.javadoc jdk.jcmd jdk.management jdk.management.agent jdk.jconsole jdk.jdeps jdk.jdwp.agent jdk.jdi jdk.jfr jdk.jlink jdk.jpackage jdk.jshell jdk.jsobject jdk.jstatd jdk.localedata jdk.management.jfr jdk.naming.dns jdk.naming.rmi jdk.net jdk.nio.mapmode jdk.sctp jdk.security.auth jdk.security.jgss jdk.unsupported jdk.unsupported.desktop jdk.xml.dom" 
OS_ARCH="x86_64" 
OS_NAME="Windows" 
SOURCE=".:git:b75efb40c93a open:git:405a5699ebd0" 

Environment Variables:
JAVA_HOME=C:\jdk-25.0.2
PATH=C:\jdk-25.0.2\bin;C:\tools\mariadb-11.5.2-winx64\bin;C:\Windows\system32;C:\Windows;C:\Windows\System32\Wbem;C:\Windows\System32\WindowsPowerShell\v1.0\;C:\Windows\System32\OpenSSH\;C:\Program Files (x86)\NVIDIA Corporation\PhysX\Common;C:\Program Files\NVIDIA Corporation\NVIDIA NvDLISR;C:\Users\User\OneDrive\Documents\compiler\ghc-9.4.8-x86_64-unknown-mingw32\bin;C:\compiler\MinGW\bin;C:\compiler\ghc-9.4.8-x86_64-unknown-mingw32\bin;C:\Program Files (x86)\Microsoft SQL Server\160\Tools\Binn\;C:\Program Files\Microsoft SQL Server\160\Tools\Binn\;C:\Program Files\Microsoft SQL Server\Client SDK\ODBC\170\Tools\Binn\;C:\Program Files\Microsoft SQL Server\160\DTS\Binn\;C:\Program Files\Git\cmd;C:\WINDOWS\system32;C:\WINDOWS;C:\WINDOWS\System32\Wbem;C:\WINDOWS\System32\WindowsPowerShell\v1.0\;C:\WINDOWS\System32\OpenSSH\;C:\Program Files (x86)\Microsoft SQL Server\160\DTS\Binn\;C:\Users\User;C:\ProgramData\chocolatey\bin;C:\ProgramData\ComposerSetup\bin;C:\Program Files\Netbird;C:\Program Files\PostgreSQL\18\bin;C:\Users\User\OneDrive\Documents\SEMS5\PRAK PABWE\node-v24.11.0-win-x64;C:\xampp\php;C:\jdk-25.0.2\bin;C:\apache-maven-3.9.12\bin;C:\Program Files\Android\Android Studio2\plugins\Kotlin\kotlinc\bin;C:\Program Files\nodejs\;C:\Users\User\AppData\Local\Programs\Python\Python313\Scripts\;C:\Users\User\AppData\Local\Programs\Python\Python313\;C:\Users\User\AppData\Local\Programs\Python\Launcher\;C:\apache-maven-3.9.9\bin;C:\jdk-25.0.2\bin;C:\Users\User\AppData\Local\Microsoft\WindowsApps;C:\Users\User\AppData\Local\Programs\Microsoft VS Code\bin;C:\Program Files\Java\jdk-22\bin;C:\Users\User\AppData\Local\GitHubDesktop\bin;C:\tools\dart-sdk\bin;C:\Users\User\AppData\Local\Pub\Cache\bin;C:\Users\User\.bun\bin;C:\php-8.4. 14;C:\xampp\php;C:\Users\User\AppData\Roaming\Composer\vendor\bin;C:\Program Files\Android\Android Studio\plugins\Kotlin\kotlinc\bin;C:\Program Files\JetBrains\IntelliJ IDEA 2025.3.2\bin;C:\Users\User\AppData\Roaming\npm
USERNAME=User
OS=Windows_NT
PROCESSOR_IDENTIFIER=Intel64 Family 6 Model 154 Stepping 3, GenuineIntel
TMP=C:\Users\User\AppData\Local\Temp
TEMP=C:\Users\User\AppData\Local\Temp




Compilation memory statistics disabled.

Periodic native trim disabled

---------------  S Y S T E M  ---------------

OS:
 Windows 11 , 64 bit Build 26100 (10.0.26100.7920)
OS uptime: 11 days 0:05 hours
Hyper-V role detected

CPU: total 12 (initial active 12) (6 cores per cpu, 2 threads per core) family 6 model 154 stepping 3 microcode 0x41c, cx8, cmov, fxsr, ht, mmx, 3dnowpref, sse, sse2, sse3, ssse3, sse4.1, sse4.2, popcnt, lzcnt, tsc, tscinvbit, avx, avx2, aes, erms, clmul, bmi1, bmi2, adx, sha, fma, vzeroupper, clflush, clflushopt, clwb, hv, serialize, rdtscp, rdpid, fsrm, gfni, f16c, cet_ibt, cet_ss
Processor Information for processor 0
  Max Mhz: 2000, Current Mhz: 2000, Mhz Limit: 2000
Processor Information for processor 1
  Max Mhz: 2000, Current Mhz: 2000, Mhz Limit: 2000
Processor Information for processor 2
  Max Mhz: 2000, Current Mhz: 2000, Mhz Limit: 2000
Processor Information for processor 3
  Max Mhz: 2000, Current Mhz: 2000, Mhz Limit: 2000
Processor Information for processor 4
  Max Mhz: 2000, Current Mhz: 2000, Mhz Limit: 2000
Processor Information for processor 5
  Max Mhz: 2000, Current Mhz: 2000, Mhz Limit: 2000
Processor Information for processor 6
  Max Mhz: 2000, Current Mhz: 2000, Mhz Limit: 2000
Processor Information for processor 7
  Max Mhz: 2000, Current Mhz: 2000, Mhz Limit: 2000
Processor Information for processor 8
  Max Mhz: 2000, Current Mhz: 1500, Mhz Limit: 1500
Processor Information for processor 9
  Max Mhz: 2000, Current Mhz: 1500, Mhz Limit: 1500
Processor Information for processor 10
  Max Mhz: 2000, Current Mhz: 1500, Mhz Limit: 1500
Processor Information for processor 11
  Max Mhz: 2000, Current Mhz: 1500, Mhz Limit: 1500

Memory: 4k page, system-wide physical 16006M (1257M free)
TotalPageFile size 41006M (AvailPageFile size 1M)
current process WorkingSet (physical memory assigned to process): 84M, peak: 84M
current process commit charge ("private bytes"): 361M, peak: 362M

vm_info: Java HotSpot(TM) 64-Bit Server VM (25.0.2+10-LTS-69) for windows-amd64 JRE (25.0.2+10-LTS-69), built on 2025-12-18T11:36:35Z with MS VC++ 17.13 (VS2022)

END.
